Start testing: May 18 11:00 RTZ 2 (çèìà)
----------------------------------------------------------
1/1 Testing: WarehouseTests
1/1 Test: WarehouseTests
Command: "D:/warehouse_project/build/WarehouseTests.exe"
Directory: D:/warehouse_project/build
"WarehouseTests" start time: May 18 11:00 RTZ 2 (çèìà)
Output:
----------------------------------------------------------
Randomness seeded to: 3321021666
===============================================================================
All tests passed (325 assertions in 21 test cases)

<end of output>
Test time =   0.11 sec
----------------------------------------------------------
Test Passed.
"WarehouseTests" end time: May 18 11:00 RTZ 2 (çèìà)
"WarehouseTests" time elapsed: 00:00:00
----------------------------------------------------------

End testing: May 18 11:00 RTZ 2 (çèìà)
